[1.515s] DEBUG:colcon:Command line arguments: ['/usr/bin/colcon', 'build', '--symlink-install']
[1.515s] DEBUG:colcon:Parsed command line arguments: Namespace(log_base=None, log_level=None, verb_name='build', build_base='build', install_base='install', merge_install=False, symlink_install=True, test_result_base=None, continue_on_error=False, executor='parallel', parallel_workers=12, event_handlers=None, ignore_user_meta=False, metas=['./colcon.meta'], base_paths=['.'], packages_ignore=None, packages_ignore_regex=None, paths=None, packages_up_to=None, packages_up_to_regex=None, packages_above=None, packages_above_and_dependencies=None, packages_above_depth=None, packages_select_by_dep=None, packages_skip_by_dep=None, packages_skip_up_to=None, packages_select_build_failed=False, packages_skip_build_finished=False, packages_select_test_failures=False, packages_skip_test_passed=False, packages_select=None, packages_skip=None, packages_select_regex=None, packages_skip_regex=None, packages_start=None, packages_end=None, allow_overriding=[], cmake_args=None, cmake_target=None, cmake_target_skip_unavailable=False, cmake_clean_cache=False, cmake_clean_first=False, cmake_force_configure=False, ament_cmake_args=None, catkin_cmake_args=None, catkin_skip_building_tests=False, verb_parser=<colcon_defaults.argument_parser.defaults.DefaultArgumentsDecorator object at 0x7f31afff6260>, verb_extension=<colcon_core.verb.build.BuildVerb object at 0x7f31aff02920>, main=<bound method BuildVerb.main of <colcon_core.verb.build.BuildVerb object at 0x7f31aff02920>>)
[1.605s] Level 1:colcon.colcon_core.package_discovery:discover_packages(colcon_meta) check parameters
[1.605s] Level 1:colcon.colcon_core.package_discovery:discover_packages(recursive) check parameters
[1.605s] Level 1:colcon.colcon_core.package_discovery:discover_packages(ignore) check parameters
[1.605s] Level 1:colcon.colcon_core.package_discovery:discover_packages(path) check parameters
[1.605s] Level 1:colcon.colcon_core.package_discovery:discover_packages(colcon_meta) discover
[1.605s] Level 1:colcon.colcon_core.package_discovery:discover_packages(recursive) discover
[1.605s] INFO:colcon.colcon_core.package_discovery:Crawling recursively for packages in '/home/dutdudu/P.S_entregas/ros_avan'
[1.605s] Level 1:colcon.colcon_core.package_identification:_identify(.) by extensions ['ignore', 'ignore_ament_install']
[1.605s] Level 1:colcon.colcon_core.package_identification:_identify(.) by extension 'ignore'
[1.606s] Level 1:colcon.colcon_core.package_identification:_identify(.) by extension 'ignore_ament_install'
[1.606s] Level 1:colcon.colcon_core.package_identification:_identify(.) by extensions ['colcon_pkg']
[1.606s] Level 1:colcon.colcon_core.package_identification:_identify(.) by extension 'colcon_pkg'
[1.606s] Level 1:colcon.colcon_core.package_identification:_identify(.) by extensions ['colcon_meta']
[1.606s] Level 1:colcon.colcon_core.package_identification:_identify(.) by extension 'colcon_meta'
[1.606s] Level 1:colcon.colcon_core.package_identification:_identify(.) by extensions ['ros']
[1.606s] Level 1:colcon.colcon_core.package_identification:_identify(.) by extension 'ros'
[1.615s] Level 1:colcon.colcon_core.package_identification:_identify(.) by extensions ['cmake', 'python']
[1.615s] Level 1:colcon.colcon_core.package_identification:_identify(.) by extension 'cmake'
[1.615s] Level 1:colcon.colcon_core.package_identification:_identify(.) by extension 'python'
[1.615s] Level 1:colcon.colcon_core.package_identification:_identify(.) by extensions ['python_setup_py']
[1.615s] Level 1:colcon.colcon_core.package_identification:_identify(.) by extension 'python_setup_py'
[1.615s] Level 1:colcon.colcon_core.package_identification:_identify(build) by extensions ['ignore', 'ignore_ament_install']
[1.615s] Level 1:colcon.colcon_core.package_identification:_identify(build) by extension 'ignore'
[1.616s] Level 1:colcon.colcon_core.package_identification:_identify(build) ignored
[1.616s] Level 1:colcon.colcon_core.package_identification:_identify(install) by extensions ['ignore', 'ignore_ament_install']
[1.616s] Level 1:colcon.colcon_core.package_identification:_identify(install) by extension 'ignore'
[1.616s] Level 1:colcon.colcon_core.package_identification:_identify(install) ignored
[1.616s] Level 1:colcon.colcon_core.package_identification:_identify(log) by extensions ['ignore', 'ignore_ament_install']
[1.616s] Level 1:colcon.colcon_core.package_identification:_identify(log) by extension 'ignore'
[1.616s] Level 1:colcon.colcon_core.package_identification:_identify(log) ignored
[1.616s] Level 1:colcon.colcon_core.package_identification:_identify(src) by extensions ['ignore', 'ignore_ament_install']
[1.616s] Level 1:colcon.colcon_core.package_identification:_identify(src) by extension 'ignore'
[1.616s] Level 1:colcon.colcon_core.package_identification:_identify(src) by extension 'ignore_ament_install'
[1.616s] Level 1:colcon.colcon_core.package_identification:_identify(src) by extensions ['colcon_pkg']
[1.616s] Level 1:colcon.colcon_core.package_identification:_identify(src) by extension 'colcon_pkg'
[1.616s] Level 1:colcon.colcon_core.package_identification:_identify(src) by extensions ['colcon_meta']
[1.616s] Level 1:colcon.colcon_core.package_identification:_identify(src) by extension 'colcon_meta'
[1.616s] Level 1:colcon.colcon_core.package_identification:_identify(src) by extensions ['ros']
[1.616s] Level 1:colcon.colcon_core.package_identification:_identify(src) by extension 'ros'
[1.617s] Level 1:colcon.colcon_core.package_identification:_identify(src) by extensions ['cmake', 'python']
[1.617s] Level 1:colcon.colcon_core.package_identification:_identify(src) by extension 'cmake'
[1.617s] Level 1:colcon.colcon_core.package_identification:_identify(src) by extension 'python'
[1.617s] Level 1:colcon.colcon_core.package_identification:_identify(src) by extensions ['python_setup_py']
[1.617s] Level 1:colcon.colcon_core.package_identification:_identify(src) by extension 'python_setup_py'
[1.617s] Level 1:colcon.colcon_core.package_identification:_identify(src/sistema_solar) by extensions ['ignore', 'ignore_ament_install']
[1.617s] Level 1:colcon.colcon_core.package_identification:_identify(src/sistema_solar) by extension 'ignore'
[1.617s] Level 1:colcon.colcon_core.package_identification:_identify(src/sistema_solar) by extension 'ignore_ament_install'
[1.617s] Level 1:colcon.colcon_core.package_identification:_identify(src/sistema_solar) by extensions ['colcon_pkg']
[1.617s] Level 1:colcon.colcon_core.package_identification:_identify(src/sistema_solar) by extension 'colcon_pkg'
[1.617s] Level 1:colcon.colcon_core.package_identification:_identify(src/sistema_solar) by extensions ['colcon_meta']
[1.617s] Level 1:colcon.colcon_core.package_identification:_identify(src/sistema_solar) by extension 'colcon_meta'
[1.617s] Level 1:colcon.colcon_core.package_identification:_identify(src/sistema_solar) by extensions ['ros']
[1.617s] Level 1:colcon.colcon_core.package_identification:_identify(src/sistema_solar) by extension 'ros'
[1.619s] DEBUG:colcon.colcon_core.package_identification:Package 'src/sistema_solar' with type 'ros.ament_python' and name 'sistema_solar'
[1.619s] Level 1:colcon.colcon_core.package_discovery:discover_packages(recursive) using defaults
[1.619s] Level 1:colcon.colcon_core.package_discovery:discover_packages(ignore) discover
[1.619s] Level 1:colcon.colcon_core.package_discovery:discover_packages(ignore) using defaults
[1.619s] Level 1:colcon.colcon_core.package_discovery:discover_packages(path) discover
[1.619s] Level 1:colcon.colcon_core.package_discovery:discover_packages(path) using defaults
[1.755s] Level 1:colcon.colcon_core.package_discovery:discover_packages(prefix_path) check parameters
[1.755s] Level 1:colcon.colcon_core.package_discovery:discover_packages(prefix_path) discover
[1.807s] DEBUG:colcon.colcon_installed_package_information.package_discovery:Found 1 installed packages in /home/dutdudu/P.S_entregas/ros_avan/install
[1.835s] DEBUG:colcon.colcon_installed_package_information.package_discovery:Found 345 installed packages in /home/dutdudu/ros2_humble/install
[1.837s] Level 1:colcon.colcon_core.package_discovery:discover_packages(prefix_path) using defaults
[1.932s] Level 5:colcon.colcon_core.verb:set package 'sistema_solar' build argument 'cmake_args' from command line to 'None'
[1.932s] Level 5:colcon.colcon_core.verb:set package 'sistema_solar' build argument 'cmake_target' from command line to 'None'
[1.932s] Level 5:colcon.colcon_core.verb:set package 'sistema_solar' build argument 'cmake_target_skip_unavailable' from command line to 'False'
[1.932s] Level 5:colcon.colcon_core.verb:set package 'sistema_solar' build argument 'cmake_clean_cache' from command line to 'False'
[1.932s] Level 5:colcon.colcon_core.verb:set package 'sistema_solar' build argument 'cmake_clean_first' from command line to 'False'
[1.932s] Level 5:colcon.colcon_core.verb:set package 'sistema_solar' build argument 'cmake_force_configure' from command line to 'False'
[1.932s] Level 5:colcon.colcon_core.verb:set package 'sistema_solar' build argument 'ament_cmake_args' from command line to 'None'
[1.932s] Level 5:colcon.colcon_core.verb:set package 'sistema_solar' build argument 'catkin_cmake_args' from command line to 'None'
[1.932s] Level 5:colcon.colcon_core.verb:set package 'sistema_solar' build argument 'catkin_skip_building_tests' from command line to 'False'
[1.932s] DEBUG:colcon.colcon_core.verb:Building package 'sistema_solar' with the following arguments: {'ament_cmake_args': None, 'build_base': '/home/dutdudu/P.S_entregas/ros_avan/build/sistema_solar', 'catkin_cmake_args': None, 'catkin_skip_building_tests': False, 'cmake_args': None, 'cmake_clean_cache': False, 'cmake_clean_first': False, 'cmake_force_configure': False, 'cmake_target': None, 'cmake_target_skip_unavailable': False, 'install_base': '/home/dutdudu/P.S_entregas/ros_avan/install/sistema_solar', 'merge_install': False, 'path': '/home/dutdudu/P.S_entregas/ros_avan/src/sistema_solar', 'symlink_install': True, 'test_result_base': None}
[1.955s] INFO:colcon.colcon_core.executor:Executing jobs using 'parallel' executor
[1.978s] DEBUG:colcon.colcon_parallel_executor.executor.parallel:run_until_complete
[1.978s] INFO:colcon.colcon_ros.task.ament_python.build:Building ROS package in '/home/dutdudu/P.S_entregas/ros_avan/src/sistema_solar' with build type 'ament_python'
[1.978s] Level 1:colcon.colcon_core.shell:create_environment_hook('sistema_solar', 'ament_prefix_path')
[2.006s] INFO:colcon.colcon_core.plugin_system:Skipping extension 'colcon_core.shell.bat': Not used on non-Windows systems
[2.006s] INFO:colcon.colcon_core.shell:Creating environment hook '/home/dutdudu/P.S_entregas/ros_avan/install/sistema_solar/share/sistema_solar/hook/ament_prefix_path.ps1'
[2.006s] INFO:colcon.colcon_core.shell:Creating environment descriptor '/home/dutdudu/P.S_entregas/ros_avan/install/sistema_solar/share/sistema_solar/hook/ament_prefix_path.dsv'
[2.007s] INFO:colcon.colcon_core.shell:Creating environment hook '/home/dutdudu/P.S_entregas/ros_avan/install/sistema_solar/share/sistema_solar/hook/ament_prefix_path.sh'
[2.030s] INFO:colcon.colcon_core.shell:Skip shell extension 'powershell' for command environment: Not usable outside of PowerShell
[2.030s] DEBUG:colcon.colcon_core.shell:Skip shell extension 'dsv' for command environment
[2.461s] INFO:colcon.colcon_core.task.python.build:Building Python package in '/home/dutdudu/P.S_entregas/ros_avan/src/sistema_solar'
[2.484s] INFO:colcon.colcon_core.shell:Skip shell extension 'powershell' for command environment: Not usable outside of PowerShell
[2.484s] DEBUG:colcon.colcon_core.shell:Skip shell extension 'dsv' for command environment
[3.041s] DEBUG:colcon.colcon_core.event_handler.log_command:Invoking command in '/home/dutdudu/P.S_entregas/ros_avan/build/sistema_solar': PYTHONPATH=/home/dutdudu/P.S_entregas/ros_avan/build/sistema_solar/prefix_override:/home/dutdudu/P.S_entregas/ros_avan/install/sistema_solar/lib/python3.10/site-packages:${PYTHONPATH} WSLENV=ELECTRON_RUN_AS_NODE/w: /usr/bin/python3 setup.py develop --editable --build-directory /home/dutdudu/P.S_entregas/ros_avan/build/sistema_solar/build --no-deps install_data
[3.612s] Level 1:colcon.colcon_core.shell:create_environment_hook('sistema_solar', 'pythonpath_develop')
[3.613s] DEBUG:colcon.colcon_core.event_handler.log_command:Invoked command in '/home/dutdudu/P.S_entregas/ros_avan/build/sistema_solar' returned '0': PYTHONPATH=/home/dutdudu/P.S_entregas/ros_avan/build/sistema_solar/prefix_override:/home/dutdudu/P.S_entregas/ros_avan/install/sistema_solar/lib/python3.10/site-packages:${PYTHONPATH} WSLENV=ELECTRON_RUN_AS_NODE/w: /usr/bin/python3 setup.py develop --editable --build-directory /home/dutdudu/P.S_entregas/ros_avan/build/sistema_solar/build --no-deps install_data
[3.659s] INFO:colcon.colcon_core.shell:Creating environment hook '/home/dutdudu/P.S_entregas/ros_avan/build/sistema_solar/share/sistema_solar/hook/pythonpath_develop.ps1'
[3.659s] INFO:colcon.colcon_core.shell:Creating environment descriptor '/home/dutdudu/P.S_entregas/ros_avan/build/sistema_solar/share/sistema_solar/hook/pythonpath_develop.dsv'
[3.659s] INFO:colcon.colcon_core.shell:Creating environment hook '/home/dutdudu/P.S_entregas/ros_avan/build/sistema_solar/share/sistema_solar/hook/pythonpath_develop.sh'
[3.686s] Level 1:colcon.colcon_core.environment:checking '/home/dutdudu/P.S_entregas/ros_avan/install/sistema_solar' for CMake module files
[3.686s] Level 1:colcon.colcon_core.environment:checking '/home/dutdudu/P.S_entregas/ros_avan/install/sistema_solar' for CMake config files
[3.687s] Level 1:colcon.colcon_core.environment:checking '/home/dutdudu/P.S_entregas/ros_avan/install/sistema_solar/lib'
[3.687s] Level 1:colcon.colcon_core.environment:checking '/home/dutdudu/P.S_entregas/ros_avan/install/sistema_solar/bin'
[3.687s] Level 1:colcon.colcon_core.environment:checking '/home/dutdudu/P.S_entregas/ros_avan/install/sistema_solar/lib/pkgconfig/sistema_solar.pc'
[3.687s] Level 1:colcon.colcon_core.environment:checking '/home/dutdudu/P.S_entregas/ros_avan/install/sistema_solar/lib/python3.10/site-packages'
[3.687s] Level 1:colcon.colcon_core.shell:create_environment_hook('sistema_solar', 'pythonpath')
[3.710s] INFO:colcon.colcon_core.shell:Creating environment hook '/home/dutdudu/P.S_entregas/ros_avan/install/sistema_solar/share/sistema_solar/hook/pythonpath.ps1'
[3.710s] INFO:colcon.colcon_core.shell:Creating environment descriptor '/home/dutdudu/P.S_entregas/ros_avan/install/sistema_solar/share/sistema_solar/hook/pythonpath.dsv'
[3.710s] INFO:colcon.colcon_core.shell:Creating environment hook '/home/dutdudu/P.S_entregas/ros_avan/install/sistema_solar/share/sistema_solar/hook/pythonpath.sh'
[3.711s] Level 1:colcon.colcon_core.environment:checking '/home/dutdudu/P.S_entregas/ros_avan/install/sistema_solar/bin'
[3.711s] Level 1:colcon.colcon_core.environment:create_environment_scripts_only(sistema_solar)
[3.732s] INFO:colcon.colcon_core.shell:Creating package script '/home/dutdudu/P.S_entregas/ros_avan/install/sistema_solar/share/sistema_solar/package.ps1'
[3.733s] INFO:colcon.colcon_core.shell:Creating package descriptor '/home/dutdudu/P.S_entregas/ros_avan/install/sistema_solar/share/sistema_solar/package.dsv'
[3.733s] INFO:colcon.colcon_core.shell:Creating package script '/home/dutdudu/P.S_entregas/ros_avan/install/sistema_solar/share/sistema_solar/package.sh'
[3.734s] INFO:colcon.colcon_core.shell:Creating package script '/home/dutdudu/P.S_entregas/ros_avan/install/sistema_solar/share/sistema_solar/package.bash'
[3.734s] INFO:colcon.colcon_core.shell:Creating package script '/home/dutdudu/P.S_entregas/ros_avan/install/sistema_solar/share/sistema_solar/package.zsh'
[3.735s] Level 1:colcon.colcon_core.environment:create_file_with_runtime_dependencies(/home/dutdudu/P.S_entregas/ros_avan/install/sistema_solar/share/colcon-core/packages/sistema_solar)
[3.735s] DEBUG:colcon.colcon_parallel_executor.executor.parallel:closing loop
[3.735s] DEBUG:colcon.colcon_parallel_executor.executor.parallel:loop closed
[3.736s] DEBUG:colcon.colcon_parallel_executor.executor.parallel:run_until_complete finished with '0'
[3.736s] DEBUG:colcon.colcon_core.event_reactor:joining thread
[3.780s] INFO:colcon.colcon_core.plugin_system:Skipping extension 'colcon_notification.desktop_notification.notify_send': Could not find 'notify-send'
[3.780s] INFO:colcon.colcon_core.plugin_system:Skipping extension 'colcon_notification.desktop_notification.terminal_notifier': Not used on non-Darwin systems
[3.780s] INFO:colcon.colcon_core.plugin_system:Skipping extension 'colcon_notification.desktop_notification.win32': Not used on non-Windows systems
[3.780s] INFO:colcon.colcon_notification.desktop_notification:Sending desktop notification using 'notify2'
[3.780s] DEBUG:colcon.colcon_notification.desktop_notification.notify2:Failed to initialize notify2: org.freedesktop.DBus.Error.FileNotFound: Failed to connect to socket /run/user/1000/bus: No such file or directory
[3.780s] DEBUG:colcon.colcon_core.event_reactor:joined thread
[3.803s] INFO:colcon.colcon_core.shell:Creating prefix script '/home/dutdudu/P.S_entregas/ros_avan/install/local_setup.ps1'
[3.804s] INFO:colcon.colcon_core.shell:Creating prefix util module '/home/dutdudu/P.S_entregas/ros_avan/install/_local_setup_util_ps1.py'
[3.805s] INFO:colcon.colcon_core.shell:Creating prefix chain script '/home/dutdudu/P.S_entregas/ros_avan/install/setup.ps1'
[3.834s] INFO:colcon.colcon_core.shell:Creating prefix script '/home/dutdudu/P.S_entregas/ros_avan/install/local_setup.sh'
[3.834s] INFO:colcon.colcon_core.shell:Creating prefix util module '/home/dutdudu/P.S_entregas/ros_avan/install/_local_setup_util_sh.py'
[3.835s] INFO:colcon.colcon_core.shell:Creating prefix chain script '/home/dutdudu/P.S_entregas/ros_avan/install/setup.sh'
[3.865s] INFO:colcon.colcon_core.shell:Creating prefix script '/home/dutdudu/P.S_entregas/ros_avan/install/local_setup.bash'
[3.865s] INFO:colcon.colcon_core.shell:Creating prefix chain script '/home/dutdudu/P.S_entregas/ros_avan/install/setup.bash'
[3.895s] INFO:colcon.colcon_core.shell:Creating prefix script '/home/dutdudu/P.S_entregas/ros_avan/install/local_setup.zsh'
[3.896s] INFO:colcon.colcon_core.shell:Creating prefix chain script '/home/dutdudu/P.S_entregas/ros_avan/install/setup.zsh'
