[1.034s] Invoking command in '/home/dutdudu/P.S_entregas/ros/build/meu_pacote': PYTHONPATH=/home/dutdudu/P.S_entregas/ros/build/meu_pacote/prefix_override:/home/dutdudu/P.S_entregas/ros/install/meu_pacote/lib/python3.10/site-packages:${PYTHONPATH} WSLENV=ELECTRON_RUN_AS_NODE/w: /usr/bin/python3 setup.py develop --editable --build-directory /home/dutdudu/P.S_entregas/ros/build/meu_pacote/build --no-deps install_data
[1.391s] running develop
[1.391s] /usr/lib/python3/dist-packages/setuptools/command/easy_install.py:158: EasyInstallDeprecationWarning: easy_install command is deprecated. Use build and pip and other standards-based tools.
[1.391s]   warnings.warn(
[1.392s] /usr/lib/python3/dist-packages/setuptools/command/install.py:34: SetuptoolsDeprecationWarning: setup.py install is deprecated. Use build and pip and other standards-based tools.
[1.392s]   warnings.warn(
[1.565s] running egg_info
[1.565s] writing meu_pacote.egg-info/PKG-INFO
[1.565s] writing dependency_links to meu_pacote.egg-info/dependency_links.txt
[1.566s] writing entry points to meu_pacote.egg-info/entry_points.txt
[1.566s] writing requirements to meu_pacote.egg-info/requires.txt
[1.566s] writing top-level names to meu_pacote.egg-info/top_level.txt
[1.567s] reading manifest file 'meu_pacote.egg-info/SOURCES.txt'
[1.567s] writing manifest file 'meu_pacote.egg-info/SOURCES.txt'
[1.571s] running build_ext
[1.571s] Creating /home/dutdudu/P.S_entregas/ros/install/meu_pacote/lib/python3.10/site-packages/meu-pacote.egg-link (link to .)
[1.572s] Installing assinante script to /home/dutdudu/P.S_entregas/ros/install/meu_pacote/lib/meu_pacote
[1.572s] Installing ola script to /home/dutdudu/P.S_entregas/ros/install/meu_pacote/lib/meu_pacote
[1.572s] Installing publicador script to /home/dutdudu/P.S_entregas/ros/install/meu_pacote/lib/meu_pacote
[1.572s] 
[1.572s] Installed /home/dutdudu/P.S_entregas/ros/build/meu_pacote
[1.572s] running install_data
[1.594s] Invoked command in '/home/dutdudu/P.S_entregas/ros/build/meu_pacote' returned '0': PYTHONPATH=/home/dutdudu/P.S_entregas/ros/build/meu_pacote/prefix_override:/home/dutdudu/P.S_entregas/ros/install/meu_pacote/lib/python3.10/site-packages:${PYTHONPATH} WSLENV=ELECTRON_RUN_AS_NODE/w: /usr/bin/python3 setup.py develop --editable --build-directory /home/dutdudu/P.S_entregas/ros/build/meu_pacote/build --no-deps install_data
