running develop
running egg_info
creating sistema_solar.egg-info
writing sistema_solar.egg-info/PKG-INFO
writing dependency_links to sistema_solar.egg-info/dependency_links.txt
writing entry points to sistema_solar.egg-info/entry_points.txt
writing requirements to sistema_solar.egg-info/requires.txt
writing top-level names to sistema_solar.egg-info/top_level.txt
writing manifest file 'sistema_solar.egg-info/SOURCES.txt'
reading manifest file 'sistema_solar.egg-info/SOURCES.txt'
writing manifest file 'sistema_solar.egg-info/SOURCES.txt'
running build_ext
Creating /home/dutdudu/P.S_entregas/ros_avan/install/sistema_solar/lib/python3.10/site-packages/sistema-solar.egg-link (link to .)
Installing frame_fixo script to /home/dutdudu/P.S_entregas/ros_avan/install/sistema_solar/lib/sistema_solar

Installed /home/dutdudu/P.S_entregas/ros_avan/build/sistema_solar
running install_data
creating /home/dutdudu/P.S_entregas/ros_avan/install/sistema_solar/share/ament_index
creating /home/dutdudu/P.S_entregas/ros_avan/install/sistema_solar/share/ament_index/resource_index
creating /home/dutdudu/P.S_entregas/ros_avan/install/sistema_solar/share/ament_index/resource_index/packages
copying resource/sistema_solar -> /home/dutdudu/P.S_entregas/ros_avan/install/sistema_solar/share/ament_index/resource_index/packages
copying package.xml -> /home/dutdudu/P.S_entregas/ros_avan/install/sistema_solar/share/sistema_solar
