[1.255s] Invoking command in '/home/dutdudu/P.S_entregas/ros_avan/build/sistema_solar': PYTHONPATH=/home/dutdudu/P.S_entregas/ros_avan/build/sistema_solar/prefix_override:/home/dutdudu/P.S_entregas/ros_avan/install/sistema_solar/lib/python3.10/site-packages:${PYTHONPATH} WSLENV=ELECTRON_RUN_AS_NODE/w: /usr/bin/python3 setup.py develop --editable --build-directory /home/dutdudu/P.S_entregas/ros_avan/build/sistema_solar/build --no-deps install_data
[1.607s] running develop
[1.608s] /usr/lib/python3/dist-packages/setuptools/command/easy_install.py:158: EasyInstallDeprecationWarning: easy_install command is deprecated. Use build and pip and other standards-based tools.
[1.608s]   warnings.warn(
[1.610s] /usr/lib/python3/dist-packages/setuptools/command/install.py:34: SetuptoolsDeprecationWarning: setup.py install is deprecated. Use build and pip and other standards-based tools.
[1.610s]   warnings.warn(
[1.815s] running egg_info
[1.815s] creating sistema_solar.egg-info
[1.815s] writing sistema_solar.egg-info/PKG-INFO
[1.815s] writing dependency_links to sistema_solar.egg-info/dependency_links.txt
[1.815s] writing entry points to sistema_solar.egg-info/entry_points.txt
[1.816s] writing requirements to sistema_solar.egg-info/requires.txt
[1.816s] writing top-level names to sistema_solar.egg-info/top_level.txt
[1.816s] writing manifest file 'sistema_solar.egg-info/SOURCES.txt'
[1.818s] reading manifest file 'sistema_solar.egg-info/SOURCES.txt'
[1.818s] writing manifest file 'sistema_solar.egg-info/SOURCES.txt'
[1.823s] running build_ext
[1.823s] Creating /home/dutdudu/P.S_entregas/ros_avan/install/sistema_solar/lib/python3.10/site-packages/sistema-solar.egg-link (link to .)
[1.824s] Installing frame_fixo script to /home/dutdudu/P.S_entregas/ros_avan/install/sistema_solar/lib/sistema_solar
[1.824s] 
[1.825s] Installed /home/dutdudu/P.S_entregas/ros_avan/build/sistema_solar
[1.825s] running install_data
[1.825s] creating /home/dutdudu/P.S_entregas/ros_avan/install/sistema_solar/share/ament_index
[1.825s] creating /home/dutdudu/P.S_entregas/ros_avan/install/sistema_solar/share/ament_index/resource_index
[1.825s] creating /home/dutdudu/P.S_entregas/ros_avan/install/sistema_solar/share/ament_index/resource_index/packages
[1.825s] copying resource/sistema_solar -> /home/dutdudu/P.S_entregas/ros_avan/install/sistema_solar/share/ament_index/resource_index/packages
[1.825s] copying package.xml -> /home/dutdudu/P.S_entregas/ros_avan/install/sistema_solar/share/sistema_solar
[1.851s] Invoked command in '/home/dutdudu/P.S_entregas/ros_avan/build/sistema_solar' returned '0': PYTHONPATH=/home/dutdudu/P.S_entregas/ros_avan/build/sistema_solar/prefix_override:/home/dutdudu/P.S_entregas/ros_avan/install/sistema_solar/lib/python3.10/site-packages:${PYTHONPATH} WSLENV=ELECTRON_RUN_AS_NODE/w: /usr/bin/python3 setup.py develop --editable --build-directory /home/dutdudu/P.S_entregas/ros_avan/build/sistema_solar/build --no-deps install_data
