[1.059s] Invoking command in '/home/dutdudu/P.S_entregas/ros/build/meu_pacote': PYTHONPATH=/home/dutdudu/P.S_entregas/ros/build/meu_pacote/prefix_override:/home/dutdudu/P.S_entregas/ros/install/meu_pacote/lib/python3.10/site-packages:${PYTHONPATH} WSLENV=ELECTRON_RUN_AS_NODE/w: /usr/bin/python3 setup.py develop --editable --build-directory /home/dutdudu/P.S_entregas/ros/build/meu_pacote/build --no-deps install_data
[1.413s] running develop
[1.414s] /usr/lib/python3/dist-packages/setuptools/command/easy_install.py:158: EasyInstallDeprecationWarning: easy_install command is deprecated. Use build and pip and other standards-based tools.
[1.414s]   warnings.warn(
[1.415s] /usr/lib/python3/dist-packages/setuptools/command/install.py:34: SetuptoolsDeprecationWarning: setup.py install is deprecated. Use build and pip and other standards-based tools.
[1.415s]   warnings.warn(
[1.589s] running egg_info
[1.589s] writing meu_pacote.egg-info/PKG-INFO
[1.589s] writing dependency_links to meu_pacote.egg-info/dependency_links.txt
[1.589s] writing entry points to meu_pacote.egg-info/entry_points.txt
[1.590s] writing requirements to meu_pacote.egg-info/requires.txt
[1.590s] writing top-level names to meu_pacote.egg-info/top_level.txt
[1.591s] reading manifest file 'meu_pacote.egg-info/SOURCES.txt'
[1.592s] writing manifest file 'meu_pacote.egg-info/SOURCES.txt'
[1.595s] running build_ext
[1.596s] Creating /home/dutdudu/P.S_entregas/ros/install/meu_pacote/lib/python3.10/site-packages/meu-pacote.egg-link (link to .)
[1.596s] Installing assinante script to /home/dutdudu/P.S_entregas/ros/install/meu_pacote/lib/meu_pacote
[1.596s] Installing ola script to /home/dutdudu/P.S_entregas/ros/install/meu_pacote/lib/meu_pacote
[1.596s] Installing publicador script to /home/dutdudu/P.S_entregas/ros/install/meu_pacote/lib/meu_pacote
[1.597s] 
[1.597s] Installed /home/dutdudu/P.S_entregas/ros/build/meu_pacote
[1.597s] running install_data
[1.625s] Invoked command in '/home/dutdudu/P.S_entregas/ros/build/meu_pacote' returned '0': PYTHONPATH=/home/dutdudu/P.S_entregas/ros/build/meu_pacote/prefix_override:/home/dutdudu/P.S_entregas/ros/install/meu_pacote/lib/python3.10/site-packages:${PYTHONPATH} WSLENV=ELECTRON_RUN_AS_NODE/w: /usr/bin/python3 setup.py develop --editable --build-directory /home/dutdudu/P.S_entregas/ros/build/meu_pacote/build --no-deps install_data
