[1.066s] Invoking command in '/home/dutdudu/P.S_entregas/ros/build/meu_pacote': PYTHONPATH=/home/dutdudu/P.S_entregas/ros/build/meu_pacote/prefix_override:/home/dutdudu/P.S_entregas/ros/install/meu_pacote/lib/python3.10/site-packages:${PYTHONPATH} WSLENV=ELECTRON_RUN_AS_NODE/w: /usr/bin/python3 setup.py develop --editable --build-directory /home/dutdudu/P.S_entregas/ros/build/meu_pacote/build --no-deps install_data
[1.405s] running develop
[1.405s] /usr/lib/python3/dist-packages/setuptools/command/easy_install.py:158: EasyInstallDeprecationWarning: easy_install command is deprecated. Use build and pip and other standards-based tools.
[1.406s]   warnings.warn(
[1.406s] /usr/lib/python3/dist-packages/setuptools/command/install.py:34: SetuptoolsDeprecationWarning: setup.py install is deprecated. Use build and pip and other standards-based tools.
[1.406s]   warnings.warn(
[1.573s] running egg_info
[1.573s] creating meu_pacote.egg-info
[1.573s] writing meu_pacote.egg-info/PKG-INFO
[1.573s] writing dependency_links to meu_pacote.egg-info/dependency_links.txt
[1.573s] writing entry points to meu_pacote.egg-info/entry_points.txt
[1.574s] writing requirements to meu_pacote.egg-info/requires.txt
[1.574s] writing top-level names to meu_pacote.egg-info/top_level.txt
[1.574s] writing manifest file 'meu_pacote.egg-info/SOURCES.txt'
[1.575s] reading manifest file 'meu_pacote.egg-info/SOURCES.txt'
[1.575s] writing manifest file 'meu_pacote.egg-info/SOURCES.txt'
[1.579s] running build_ext
[1.579s] Creating /home/dutdudu/P.S_entregas/ros/install/meu_pacote/lib/python3.10/site-packages/meu-pacote.egg-link (link to .)
[1.580s] Installing ola script to /home/dutdudu/P.S_entregas/ros/install/meu_pacote/lib/meu_pacote
[1.580s] 
[1.580s] Installed /home/dutdudu/P.S_entregas/ros/build/meu_pacote
[1.580s] running install_data
[1.580s] creating /home/dutdudu/P.S_entregas/ros/install/meu_pacote/share/ament_index
[1.581s] creating /home/dutdudu/P.S_entregas/ros/install/meu_pacote/share/ament_index/resource_index
[1.581s] creating /home/dutdudu/P.S_entregas/ros/install/meu_pacote/share/ament_index/resource_index/packages
[1.581s] copying resource/meu_pacote -> /home/dutdudu/P.S_entregas/ros/install/meu_pacote/share/ament_index/resource_index/packages
[1.581s] copying package.xml -> /home/dutdudu/P.S_entregas/ros/install/meu_pacote/share/meu_pacote
[1.607s] Invoked command in '/home/dutdudu/P.S_entregas/ros/build/meu_pacote' returned '0': PYTHONPATH=/home/dutdudu/P.S_entregas/ros/build/meu_pacote/prefix_override:/home/dutdudu/P.S_entregas/ros/install/meu_pacote/lib/python3.10/site-packages:${PYTHONPATH} WSLENV=ELECTRON_RUN_AS_NODE/w: /usr/bin/python3 setup.py develop --editable --build-directory /home/dutdudu/P.S_entregas/ros/build/meu_pacote/build --no-deps install_data
